<?xml version="1.0" encoding="UTF-8"?>
<testng-results ignored="0" total="1" passed="1" failed="0" skipped="0">
  <reporter-output>
    <line>
      <![CDATA[Launched the browser]]>
    </line>
    <line>
      <![CDATA[Loggin to the app]]>
    </line>
    <line>
      <![CDATA[Product to be added]]>
    </line>
    <line>
      <![CDATA[Logged out from the app]]>
    </line>
    <line>
      <![CDATA[closed the broowser]]>
    </line>
  </reporter-output>
  <suite started-at="2022-12-08T13:29:40 IST" name="Suite" finished-at="2022-12-08T13:30:23 IST" duration-ms="42941">
    <groups>
      <group name="smoke">
        <method signature="AddToCart.addToCartTest()[pri:0, instance:com.testscript.demoblaze.AddToCart@506ae4d4]" name="addToCartTest" class="com.testscript.demoblaze.AddToCart"/>
      </group> <!-- smoke -->
    </groups>
    <test started-at="2022-12-08T13:29:40 IST" name="Test" finished-at="2022-12-08T13:30:23 IST" duration-ms="42941">
      <class name="com.testscript.demoblaze.AddToCart">
        <test-method is-config="true" signature="configBS()[pri:0, instance:com.testscript.demoblaze.AddToCart@506ae4d4]" started-at="2022-12-08T13:29:40 IST" name="configBS" finished-at="2022-12-08T13:29:50 IST" duration-ms="9900" status="PASS">
          <reporter-output>
            <line>
              <![CDATA[Launched the browser]]>
            </line>
          </reporter-output>
        </test-method> <!-- configBS -->
        <test-method is-config="true" signature="configBM()[pri:0, instance:com.testscript.demoblaze.AddToCart@506ae4d4]" started-at="2022-12-08T13:29:50 IST" name="configBM" finished-at="2022-12-08T13:30:00 IST" duration-ms="9614" status="PASS">
          <reporter-output>
            <line>
              <![CDATA[Loggin to the app]]>
            </line>
          </reporter-output>
        </test-method> <!-- configBM -->
        <test-method signature="addToCartTest()[pri:0, instance:com.testscript.demoblaze.AddToCart@506ae4d4]" started-at="2022-12-08T13:30:00 IST" name="addToCartTest" finished-at="2022-12-08T13:30:12 IST" duration-ms="12603" status="PASS">
          <reporter-output>
            <line>
              <![CDATA[Product to be added]]>
            </line>
          </reporter-output>
        </test-method> <!-- addToCartTest -->
        <test-method is-config="true" signature="configAM()[pri:0, instance:com.testscript.demoblaze.AddToCart@506ae4d4]" started-at="2022-12-08T13:30:12 IST" name="configAM" finished-at="2022-12-08T13:30:16 IST" duration-ms="4074" status="PASS">
          <reporter-output>
            <line>
              <![CDATA[Logged out from the app]]>
            </line>
          </reporter-output>
        </test-method> <!-- configAM -->
        <test-method is-config="true" signature="configAS()[pri:0, instance:com.testscript.demoblaze.AddToCart@506ae4d4]" started-at="2022-12-08T13:30:16 IST" name="configAS" finished-at="2022-12-08T13:30:23 IST" duration-ms="6701" status="PASS">
          <reporter-output>
            <line>
              <![CDATA[closed the broowser]]>
            </line>
          </reporter-output>
        </test-method> <!-- configAS -->
      </class> <!-- com.testscript.demoblaze.AddToCart -->
    </test> <!-- Test -->
  </suite> <!-- Suite -->
</testng-results>
